#
# There is insufficient memory for the Java Runtime Environment to continue.
# Native memory allocation (malloc) failed to allocate 1048576 bytes for AllocateHeap
# Possible reasons:
#   The system is out of physical RAM or swap space
#   The process is running with CompressedOops enabled, and the Java Heap may be blocking the growth of the native heap
# Possible solutions:
#   Reduce memory load on the system
#   Increase physical memory or swap space
#   Check if swap backing store is full
#   Decrease Java heap size (-Xmx/-Xms)
#   Decrease number of Java threads
#   Decrease Java thread stack sizes (-Xss)
#   Set larger code cache with -XX:ReservedCodeCacheSize=
#   JVM is running with Zero Based Compressed Oops mode in which the Java heap is
#     placed in the first 32GB address space. The Java Heap base address is the
#     maximum limit for the native heap growth. Please use -XX:HeapBaseMinAddress
#     to set the Java Heap base and to place the Java Heap above 32GB virtual address.
# This output file may be truncated or incomplete.
#
#  Out of Memory Error (memory/allocation.inline.hpp:61), pid=10740, tid=0x00000000000033dc
#
# JRE version:  (8.0_242-b01) (build )
# Java VM: OpenJDK 64-Bit Server VM (25.242-b01 mixed mode windows-amd64 compressed oops)
# Failed to write core dump. Minidumps are not enabled by default on client versions of Windows
#

---------------  T H R E A D  ---------------

Current thread (0x0000000002732800):  JavaThread "Unknown thread" [_thread_in_vm, id=13276, stack(0x0000000002630000,0x0000000002730000)]

Stack: [0x0000000002630000,0x0000000002730000]
[error occurred during error reporting (printing stack bounds), id 0xc0000005]

Native frames: (J=compiled Java code, j=interpreted, Vv=VM code, C=native code)


---------------  P R O C E S S  ---------------

Java Threads: ( => current thread )

Other Threads:

=>0x0000000002732800 (exited) JavaThread "Unknown thread" [_thread_in_vm, id=13276, stack(0x0000000002630000,0x0000000002730000)]

VM state:not at safepoint (normal execution)

VM Mutex/Monitor currently owned by a thread: None

heap address: 0x00000006e1e00000, size: 3554 MB, Compressed Oops mode: Zero based, Oop shift amount: 3
Narrow klass base: 0x0000000000000000, Narrow klass shift: 3
Compressed class space size: 1073741824 Address: 0x00000007c0000000

Heap:
 PSYoungGen      total 67072K, used 1157K [0x0000000775f80000, 0x000000077aa00000, 0x00000007c0000000)
  eden space 57856K, 2% used [0x0000000775f80000,0x00000007760a1488,0x0000000779800000)
  from space 9216K, 0% used [0x000000077a100000,0x000000077a100000,0x000000077aa00000)
  to   space 9216K, 0% used [0x0000000779800000,0x0000000779800000,0x000000077a100000)
 ParOldGen       total 153088K, used 0K [0x00000006e1e00000, 0x00000006eb380000, 0x0000000775f80000)
  object space 153088K, 0% used [0x00000006e1e00000,0x00000006e1e00000,0x00000006eb380000)
 Metaspace       used 779K, capacity 4480K, committed 4480K, reserved 1056768K
  class space    used 74K, capacity 384K, committed 384K, reserved 1048576K

Card table byte_map: [0x0000000011bf0000,0x00000000122f0000] byte_map_base: 0x000000000e4e1000

Marking Bits: (ParMarkBitMap*) 0x000000006361f030
 Begin Bits: [0x0000000012fa0000, 0x0000000016728000)
 End Bits:   [0x0000000016728000, 0x0000000019eb0000)

Polling page: 0x0000000000d20000

CodeCache: size=245760Kb used=327Kb max_used=327Kb free=245432Kb
 bounds [0x0000000002830000, 0x0000000002aa0000, 0x0000000011830000]
 total_blobs=56 nmethods=0 adapters=38
 compilation: enabled

Compilation events (0 events):
No events

GC Heap History (0 events):
No events

Deoptimization events (0 events):
No events

Classes redefined (0 events):
No events

Internal exceptions (0 events):
No events

Events (10 events):
Event: 0.022 loading class java/lang/Short
Event: 0.022 loading class java/lang/Short done
Event: 0.022 loading class java/lang/Integer
Event: 0.022 loading class java/lang/Integer done
Event: 0.022 loading class java/lang/Long
Event: 0.022 loading class java/lang/Long done
Event: 0.023 loading class java/lang/NullPointerException
Event: 0.023 loading class java/lang/NullPointerException done
Event: 0.023 loading class java/lang/ArithmeticException
Event: 0.023 loading class java/lang/ArithmeticException done


Dynamic libraries:
0x00007ff6605b0000 - 0x00007ff6605e1000 	C:\Program Files\Android\Android Studio\jre\bin\java.exe
0x00007ffc6ddb0000 - 0x00007ffc6dfa5000 	C:\WINDOWS\SYSTEM32\ntdll.dll
0x00007ffc6c9f0000 - 0x00007ffc6caad000 	C:\WINDOWS\System32\KERNEL32.DLL
0x00007ffc6b670000 - 0x00007ffc6b939000 	C:\WINDOWS\System32\KERNELBASE.dll
0x00007ffc6d680000 - 0x00007ffc6d72c000 	C:\WINDOWS\System32\ADVAPI32.dll
0x00007ffc6be10000 - 0x00007ffc6beae000 	C:\WINDOWS\System32\msvcrt.dll
0x00007ffc6d5e0000 - 0x00007ffc6d67c000 	C:\WINDOWS\System32\sechost.dll
0x00007ffc6d400000 - 0x00007ffc6d52b000 	C:\WINDOWS\System32\RPCRT4.dll
0x00007ffc6d0b0000 - 0x00007ffc6d250000 	C:\WINDOWS\System32\USER32.dll
0x00007ffc6b4f0000 - 0x00007ffc6b512000 	C:\WINDOWS\System32\win32u.dll
0x00007ffc6d850000 - 0x00007ffc6d87a000 	C:\WINDOWS\System32\GDI32.dll
0x00007ffc6bc50000 - 0x00007ffc6bd5b000 	C:\WINDOWS\System32\gdi32full.dll
0x00007ffc6b9a0000 - 0x00007ffc6ba3d000 	C:\WINDOWS\System32\msvcp_win.dll
0x00007ffc6b520000 - 0x00007ffc6b620000 	C:\WINDOWS\System32\ucrtbase.dll
0x00007ffc51eb0000 - 0x00007ffc5214a000 	C:\WINDOWS\WinSxS\amd64_microsoft.windows.common-controls_6595b64144ccf1df_6.0.19041.844_none_ca00b6081b84eb1d\COMCTL32.dll
0x00007ffc6c8a0000 - 0x00007ffc6c8d0000 	C:\WINDOWS\System32\IMM32.DLL
0x00000000638a0000 - 0x0000000063972000 	C:\Program Files\Android\Android Studio\jre\jre\bin\msvcr100.dll
0x0000000062e50000 - 0x000000006369b000 	C:\Program Files\Android\Android Studio\jre\jre\bin\server\jvm.dll
0x00007ffc6d840000 - 0x00007ffc6d848000 	C:\WINDOWS\System32\PSAPI.DLL
0x00007ffc5cbb0000 - 0x00007ffc5cbb9000 	C:\WINDOWS\SYSTEM32\WSOCK32.dll
0x00007ffc60550000 - 0x00007ffc60577000 	C:\WINDOWS\SYSTEM32\WINMM.dll
0x00007ffc62410000 - 0x00007ffc6241a000 	C:\WINDOWS\SYSTEM32\VERSION.dll
0x00007ffc6c600000 - 0x00007ffc6c66b000 	C:\WINDOWS\System32\WS2_32.dll
0x00007ffc63240000 - 0x00007ffc6324f000 	C:\Program Files\Android\Android Studio\jre\jre\bin\verify.dll
0x00007ffc37b70000 - 0x00007ffc37b99000 	C:\Program Files\Android\Android Studio\jre\jre\bin\java.dll
0x00007ffc43b00000 - 0x00007ffc43b16000 	C:\Program Files\Android\Android Studio\jre\jre\bin\zip.dll

VM Arguments:
jvm_args: -Dorg.gradle.appname=gradlew 
java_command: org.gradle.wrapper.GradleWrapperMain -q -Ptarget-platform=android-x86 -Ptarget=D:\Kuliah\Pemograman Perangkat Bergerak\Belajar Flutter\api\lib\main.dart -Pdart-defines=RkxVVFRFUl9XRUJfQVVUT19ERVRFQ1Q9dHJ1ZQ== -Pdart-obfuscation=false -Ptrack-widget-creation=true -Ptree-shake-icons=false -Pfilesystem-scheme=org-dartlang-root assembleDebug
java_class_path (initial): D:\Kuliah\Pemograman Perangkat Bergerak\Belajar Flutter\api\android\\gradle\wrapper\gradle-wrapper.jar
Launcher Type: SUN_STANDARD

Environment Variables:
JAVA_HOME=C:\Program Files\Android\Android Studio\jre
CLASSPATH=D:\Kuliah\Pemograman Perangkat Bergerak\Belajar Flutter\api\android\\gradle\wrapper\gradle-wrapper.jar
PATH=C:\Program Files (x86)\Common Files\Oracle\Java\javapath;C:\windows\system32;C:\windows;C:\windows\System32\Wbem;C:\windows\System32\WindowsPowerShell\v1.0\;C:\windows\System32\OpenSSH\;C:\Program Files (x86)\NVIDIA Corporation\PhysX\Common;C:\Program Files\NVIDIA Corporation\NVIDIA NvDLISR;C:\WINDOWS\system32;C:\WINDOWS;C:\WINDOWS\System32\Wbem;C:\WINDOWS\System32\WindowsPowerShell\v1.0\;C:\WINDOWS\System32\OpenSSH\;C:\xampp\php;C:\composer;C:\Users\Renol N\AppData\Roaming\Python\Python39\Scripts;C:\flutter\bin;C:\Program Files\Git\cmd;C:\Program Files\nodejs\;C:\Program Files\Java\jdk-15.0.2\bin;C:\Program Files\Java\jre1.8.0_271\bin;C:\Program Files\PuTTY\;C:\Users\Renol N\AppData\Local\Programs\Python\Python39\Scripts\;C:\Users\Renol N\AppData\Local\Programs\Python\Python39\;C:\Users\Renol N\AppData\Local\Microsoft\WindowsApps;C:\Users\Renol N\AppData\Local\Programs\Microsoft VS Code\bin;C:\Users\Renol N\AppData\Roaming\Composer\vendor\bin;C:\flutter\bin;C:\Users\Renol N\AppData\Roaming\npm;C:\Program Files\nodejs\;
USERNAME=Renol N
OS=Windows_NT
PROCESSOR_IDENTIFIER=AMD64 Family 23 Model 24 Stepping 1, AuthenticAMD



---------------  S Y S T E M  ---------------

OS: Windows 10.0 , 64 bit Build 19041 (10.0.19041.804)

CPU:total 8 (initial active 8) (8 cores per cpu, 1 threads per core) family 23 model 24 stepping 1, cmov, cx8, fxsr, mmx, sse, sse2, sse3, ssse3, sse4.1, sse4.2, popcnt, avx, avx2, aes, clmul, mmxext, 3dnowpref, lzcnt, sse4a, tsc, tscinvbit, tscinv, bmi1

Memory: 4k page, physical 14554236k(4118716k free), swap 17626236k(5120k free)

vm_info: OpenJDK 64-Bit Server VM (25.242-b01) for windows-amd64 JRE (1.8.0_242-release-1644-b01), built by "builder" with MS VC++ 10.0 (VS2010)

time: Sun Apr 11 13:54:31 2021
timezone: SE Asia Standard Time
elapsed time: 0 seconds (0d 0h 0m 0s)

